2025-10-04 13:33:27,037 -INFO - Model training initialized...
2025-10-04 13:33:27,053 -INFO - Data loaded for model..
2025-10-04 13:33:40,019 -INFO - Model saved successfully...
2025-10-04 13:33:41,547 -INFO - Accuracy: 0.5995223880597015, precision: 0.536223766057273, recall: 0.5995223880597015, f1_score: 0.45031668492929605
2025-10-04 13:33:41,803 -INFO - ROC_AUC_Value: <function roc_auc_score at 0x000001A950D62DE0>
2025-10-04 15:02:23,361 -INFO - Model training initialized...
2025-10-04 15:02:23,767 -INFO - Data loaded for model..
2025-10-04 15:02:35,122 -INFO - Model saved successfully...
2025-10-04 15:02:35,888 -INFO - Accuracy: 0.5995223880597015, precision: 0.536223766057273, recall: 0.5995223880597015, f1_score: 0.45031668492929605
2025-10-04 15:02:36,047 -INFO - ROC_AUC_Value: <function roc_auc_score at 0x000002127F852DE0>
2025-10-04 17:27:33,145 -INFO - Model training initialized...
2025-10-04 17:27:33,178 -INFO - Data loaded for model..
2025-10-04 17:27:46,760 -INFO - Model saved successfully...
2025-10-04 17:27:47,404 -INFO - Accuracy: 0.5995223880597015, precision: 0.536223766057273, recall: 0.5995223880597015, f1_score: 0.45031668492929605
2025-10-04 17:27:47,503 -INFO - ROC_AUC_Value: <function roc_auc_score at 0x00000244B4F06DE0>
2025-10-04 17:31:08,602 -INFO - Model training initialized...
2025-10-04 17:31:08,631 -INFO - Data loaded for model..
2025-10-04 17:31:20,414 -INFO - Model saved successfully...
2025-10-04 17:31:21,134 -INFO - Accuracy: 0.5995223880597015, precision: 0.536223766057273, recall: 0.5995223880597015, f1_score: 0.45031668492929605
2025-10-04 17:31:21,241 -INFO - ROC_AUC_Value: <function roc_auc_score at 0x0000027653402DE0>
